<?xml version="1.0" encoding="UTF-8"?>
<!-- Generated by org.testng.reporters.JUnitXMLReporter -->
<testsuite hostname="adminpdfs-MacBook-Air.local" name="First" tests="3" failures="0" timestamp="15 Jan 2020 20:04:56 GMT" time="17.864" errors="0">
  <testcase name="firstTest" time="13.342" classname="com.booking.TestClass"/>
  <testcase name="secondTest" time="0.145" classname="com.booking.TestClass"/>
  <testcase name="thirdTest" time="4.365" classname="com.booking.TestClass"/>
</testsuite> <!-- First -->
